# JRE version: Java(TM) SE Runtime Environment (8.0_101-b13) (build 1.8.0_101-b13)
# Java VM: Java HotSpot(TM) 64-Bit Server VM (25.101-b13 mixed mode linux-amd64 compressed oops)
Heap:
 PSYoungGen      total 294912K, used 55921K [0x00000000eb800000, 0x0000000100000000, 0x0000000100000000)
  eden space 272384K, 20% used [0x00000000eb800000,0x00000000eee9c4f8,0x00000000fc200000)
  from space 22528K, 0% used [0x00000000fea00000,0x00000000fea00000,0x0000000100000000)
  to   space 31744K, 0% used [0x00000000fc200000,0x00000000fc200000,0x00000000fe100000)
 ParOldGen       total 111104K, used 62626K [0x00000000c2800000, 0x00000000c9480000, 0x00000000eb800000)
  object space 111104K, 56% used [0x00000000c2800000,0x00000000c6528b80,0x00000000c9480000)
 Metaspace       used 27580K, capacity 28180K, committed 28544K, reserved 1075200K
  class space    used 3262K, capacity 3451K, committed 3456K, reserved 1048576K
GC Heap History (10 events):
Event: 6.387 GC heap before
{Heap before GC invocations=8 (full 0):
 PSYoungGen      total 136192K, used 136176K [0x00000000eb800000, 0x00000000fcc00000, 0x0000000100000000)
  eden space 126464K, 100% used [0x00000000eb800000,0x00000000f3380000,0x00000000f3380000)
  from space 9728K, 99% used [0x00000000f3380000,0x00000000f3cfc030,0x00000000f3d00000)
  to   space 14848K, 0% used [0x00000000fbd80000,0x00000000fbd80000,0x00000000fcc00000)
 ParOldGen       total 42496K, used 22609K [0x00000000c2800000, 0x00000000c5180000, 0x00000000eb800000)
  object space 42496K, 53% used [0x00000000c2800000,0x00000000c3e147f0,0x00000000c5180000)
 Metaspace       used 9873K, capacity 10274K, committed 10496K, reserved 1058816K
  class space    used 1043K, capacity 1197K, committed 1280K, reserved 1048576K
Event: 6.403 GC heap after
Heap after GC invocations=8 (full 0):
 PSYoungGen      total 267264K, used 10441K [0x00000000eb800000, 0x00000000fcd00000, 0x0000000100000000)
  eden space 252416K, 0% used [0x00000000eb800000,0x00000000eb800000,0x00000000fae80000)
  from space 14848K, 70% used [0x00000000fbd80000,0x00000000fc7b27d0,0x00000000fcc00000)
  to   space 15360K, 0% used [0x00000000fae80000,0x00000000fae80000,0x00000000fbd80000)
 ParOldGen       total 42496K, used 23017K [0x00000000c2800000, 0x00000000c5180000, 0x00000000eb800000)
  object space 42496K, 54% used [0x00000000c2800000,0x00000000c3e7a7f0,0x00000000c5180000)
 Metaspace       used 9873K, capacity 10274K, committed 10496K, reserved 1058816K
  class space    used 1043K, capacity 1197K, committed 1280K, reserved 1048576K
}
Event: 8.363 GC heap before
{Heap before GC invocations=9 (full 0):
 PSYoungGen      total 267264K, used 262857K [0x00000000eb800000, 0x00000000fcd00000, 0x0000000100000000)
  eden space 252416K, 100% used [0x00000000eb800000,0x00000000fae80000,0x00000000fae80000)
  from space 14848K, 70% used [0x00000000fbd80000,0x00000000fc7b27d0,0x00000000fcc00000)
  to   space 15360K, 0% used [0x00000000fae80000,0x00000000fae80000,0x00000000fbd80000)
 ParOldGen       total 42496K, used 23018K [0x00000000c2800000, 0x00000000c5180000, 0x00000000eb800000)
  object space 42496K, 54% used [0x00000000c2800000,0x00000000c3e7a880,0x00000000c5180000)
 Metaspace       used 14759K, capacity 15252K, committed 15360K, reserved 1062912K
  class space    used 1584K, capacity 1752K, committed 1792K, reserved 1048576K
Event: 8.395 GC heap after
Heap after GC invocations=9 (full 0):
 PSYoungGen      total 267776K, used 15353K [0x00000000eb800000, 0x0000000100000000, 0x0000000100000000)
  eden space 252416K, 0% used [0x00000000eb800000,0x00000000eb800000,0x00000000fae80000)
  from space 15360K, 99% used [0x00000000fae80000,0x00000000fbd7e5d8,0x00000000fbd80000)
  to   space 22528K, 0% used [0x00000000fea00000,0x00000000fea00000,0x0000000100000000)
 ParOldGen       total 42496K, used 35690K [0x00000000c2800000, 0x00000000c5180000, 0x00000000eb800000)
  object space 42496K, 83% used [0x00000000c2800000,0x00000000c4ada940,0x00000000c5180000)
 Metaspace       used 14759K, capacity 15252K, committed 15360K, reserved 1062912K
  class space    used 1584K, capacity 1752K, committed 1792K, reserved 1048576K
}
Event: 8.395 GC heap before
{Heap before GC invocations=10 (full 1):
 PSYoungGen      total 267776K, used 15353K [0x00000000eb800000, 0x0000000100000000, 0x0000000100000000)
  eden space 252416K, 0% used [0x00000000eb800000,0x00000000eb800000,0x00000000fae80000)
  from space 15360K, 99% used [0x00000000fae80000,0x00000000fbd7e5d8,0x00000000fbd80000)
  to   space 22528K, 0% used [0x00000000fea00000,0x00000000fea00000,0x0000000100000000)
 ParOldGen       total 42496K, used 35690K [0x00000000c2800000, 0x00000000c5180000, 0x00000000eb800000)
  object space 42496K, 83% used [0x00000000c2800000,0x00000000c4ada940,0x00000000c5180000)
 Metaspace       used 14759K, capacity 15252K, committed 15360K, reserved 1062912K
  class space    used 1584K, capacity 1752K, committed 1792K, reserved 1048576K
Event: 8.588 GC heap after
Heap after GC invocations=10 (full 1):
 PSYoungGen      total 267776K, used 2954K [0x00000000eb800000, 0x0000000100000000, 0x0000000100000000)
  eden space 252416K, 0% used [0x00000000eb800000,0x00000000eb800000,0x00000000fae80000)
  from space 15360K, 19% used [0x00000000fae80000,0x00000000fb162840,0x00000000fbd80000)
  to   space 22528K, 0% used [0x00000000fea00000,0x00000000fea00000,0x0000000100000000)
 ParOldGen       total 75776K, used 42093K [0x00000000c2800000, 0x00000000c7200000, 0x00000000eb800000)
  object space 75776K, 55% used [0x00000000c2800000,0x00000000c511b670,0x00000000c7200000)
 Metaspace       used 14759K, capacity 15252K, committed 15360K, reserved 1062912K
  class space    used 1584K, capacity 1752K, committed 1792K, reserved 1048576K
}
Event: 11.694 GC heap before
{Heap before GC invocations=11 (full 1):
 PSYoungGen      total 267776K, used 167991K [0x00000000eb800000, 0x0000000100000000, 0x0000000100000000)
  eden space 252416K, 65% used [0x00000000eb800000,0x00000000f592b740,0x00000000fae80000)
  from space 15360K, 19% used [0x00000000fae80000,0x00000000fb162840,0x00000000fbd80000)
  to   space 22528K, 0% used [0x00000000fea00000,0x00000000fea00000,0x0000000100000000)
 ParOldGen       total 75776K, used 42093K [0x00000000c2800000, 0x00000000c7200000, 0x00000000eb800000)
  object space 75776K, 55% used [0x00000000c2800000,0x00000000c511b670,0x00000000c7200000)
 Metaspace       used 24913K, capacity 25468K, committed 25600K, reserved 1071104K
  class space    used 2926K, capacity 3153K, committed 3200K, reserved 1048576K
Event: 11.775 GC heap after
Heap after GC invocations=11 (full 1):
 PSYoungGen      total 294912K, used 22497K [0x00000000eb800000, 0x0000000100000000, 0x0000000100000000)
  eden space 272384K, 0% used [0x00000000eb800000,0x00000000eb800000,0x00000000fc200000)
  from space 22528K, 99% used [0x00000000fea00000,0x00000000ffff87b0,0x0000000100000000)
  to   space 31744K, 0% used [0x00000000fc200000,0x00000000fc200000,0x00000000fe100000)
 ParOldGen       total 75776K, used 57952K [0x00000000c2800000, 0x00000000c7200000, 0x00000000eb800000)
  object space 75776K, 76% used [0x00000000c2800000,0x00000000c60981e0,0x00000000c7200000)
 Metaspace       used 24913K, capacity 25468K, committed 25600K, reserved 1071104K
  class space    used 2926K, capacity 3153K, committed 3200K, reserved 1048576K
}
Event: 11.775 GC heap before
{Heap before GC invocations=12 (full 2):
 PSYoungGen      total 294912K, used 22497K [0x00000000eb800000, 0x0000000100000000, 0x0000000100000000)
  eden space 272384K, 0% used [0x00000000eb800000,0x00000000eb800000,0x00000000fc200000)
  from space 22528K, 99% used [0x00000000fea00000,0x00000000ffff87b0,0x0000000100000000)
  to   space 31744K, 0% used [0x00000000fc200000,0x00000000fc200000,0x00000000fe100000)
 ParOldGen       total 75776K, used 57952K [0x00000000c2800000, 0x00000000c7200000, 0x00000000eb800000)
  object space 75776K, 76% used [0x00000000c2800000,0x00000000c60981e0,0x00000000c7200000)
 Metaspace       used 24913K, capacity 25468K, committed 25600K, reserved 1071104K
  class space    used 2926K, capacity 3153K, committed 3200K, reserved 1048576K
Event: 11.904 GC heap after
Heap after GC invocations=12 (full 2):
 PSYoungGen      total 294912K, used 0K [0x00000000eb800000, 0x0000000100000000, 0x0000000100000000)
  eden space 272384K, 0% used [0x00000000eb800000,0x00000000eb800000,0x00000000fc200000)
  from space 22528K, 0% used [0x00000000fea00000,0x00000000fea00000,0x0000000100000000)
  to   space 31744K, 0% used [0x00000000fc200000,0x00000000fc200000,0x00000000fe100000)
 ParOldGen       total 111104K, used 62626K [0x00000000c2800000, 0x00000000c9480000, 0x00000000eb800000)
  object space 111104K, 56% used [0x00000000c2800000,0x00000000c6528b80,0x00000000c9480000)
 Metaspace       used 24913K, capacity 25468K, committed 25600K, reserved 1071104K
  class space    used 2926K, capacity 3153K, committed 3200K, reserved 1048576K
}

