# JRE version: Java(TM) SE Runtime Environment (8.0_101-b13) (build 1.8.0_101-b13)
# Java VM: Java HotSpot(TM) 64-Bit Server VM (25.101-b13 mixed mode linux-amd64 compressed oops)
Heap:
 PSYoungGen      total 295424K, used 35790K [0x00000000eb800000, 0x0000000100000000, 0x0000000100000000)
  eden space 272384K, 13% used [0x00000000eb800000,0x00000000edaf38a0,0x00000000fc200000)
  from space 23040K, 0% used [0x00000000fe980000,0x00000000fe980000,0x0000000100000000)
  to   space 31744K, 0% used [0x00000000fc200000,0x00000000fc200000,0x00000000fe100000)
 ParOldGen       total 115200K, used 63687K [0x00000000c2800000, 0x00000000c9880000, 0x00000000eb800000)
  object space 115200K, 55% used [0x00000000c2800000,0x00000000c6631e08,0x00000000c9880000)
 Metaspace       used 27427K, capacity 28016K, committed 28288K, reserved 1075200K
  class space    used 3253K, capacity 3445K, committed 3456K, reserved 1048576K
GC Heap History (10 events):
Event: 4.713 GC heap before
{Heap before GC invocations=8 (full 0):
 PSYoungGen      total 136192K, used 136192K [0x00000000eb800000, 0x00000000fcc00000, 0x0000000100000000)
  eden space 126464K, 100% used [0x00000000eb800000,0x00000000f3380000,0x00000000f3380000)
  from space 9728K, 100% used [0x00000000f3380000,0x00000000f3d00000,0x00000000f3d00000)
  to   space 14848K, 0% used [0x00000000fbd80000,0x00000000fbd80000,0x00000000fcc00000)
 ParOldGen       total 42496K, used 23114K [0x00000000c2800000, 0x00000000c5180000, 0x00000000eb800000)
  object space 42496K, 54% used [0x00000000c2800000,0x00000000c3e92a68,0x00000000c5180000)
 Metaspace       used 9855K, capacity 10210K, committed 10496K, reserved 1058816K
  class space    used 1042K, capacity 1197K, committed 1280K, reserved 1048576K
Event: 4.742 GC heap after
Heap after GC invocations=8 (full 0):
 PSYoungGen      total 267264K, used 10953K [0x00000000eb800000, 0x00000000fcd00000, 0x0000000100000000)
  eden space 252416K, 0% used [0x00000000eb800000,0x00000000eb800000,0x00000000fae80000)
  from space 14848K, 73% used [0x00000000fbd80000,0x00000000fc832790,0x00000000fcc00000)
  to   space 15360K, 0% used [0x00000000fae80000,0x00000000fae80000,0x00000000fbd80000)
 ParOldGen       total 42496K, used 23482K [0x00000000c2800000, 0x00000000c5180000, 0x00000000eb800000)
  object space 42496K, 55% used [0x00000000c2800000,0x00000000c3eeea68,0x00000000c5180000)
 Metaspace       used 9855K, capacity 10210K, committed 10496K, reserved 1058816K
  class space    used 1042K, capacity 1197K, committed 1280K, reserved 1048576K
}
Event: 6.401 GC heap before
{Heap before GC invocations=9 (full 0):
 PSYoungGen      total 267264K, used 263369K [0x00000000eb800000, 0x00000000fcd00000, 0x0000000100000000)
  eden space 252416K, 100% used [0x00000000eb800000,0x00000000fae80000,0x00000000fae80000)
  from space 14848K, 73% used [0x00000000fbd80000,0x00000000fc832790,0x00000000fcc00000)
  to   space 15360K, 0% used [0x00000000fae80000,0x00000000fae80000,0x00000000fbd80000)
 ParOldGen       total 42496K, used 23498K [0x00000000c2800000, 0x00000000c5180000, 0x00000000eb800000)
  object space 42496K, 55% used [0x00000000c2800000,0x00000000c3ef2900,0x00000000c5180000)
 Metaspace       used 14732K, capacity 15188K, committed 15360K, reserved 1062912K
  class space    used 1581K, capacity 1752K, committed 1792K, reserved 1048576K
Event: 6.470 GC heap after
Heap after GC invocations=9 (full 0):
 PSYoungGen      total 267776K, used 15333K [0x00000000eb800000, 0x0000000100000000, 0x0000000100000000)
  eden space 252416K, 0% used [0x00000000eb800000,0x00000000eb800000,0x00000000fae80000)
  from space 15360K, 99% used [0x00000000fae80000,0x00000000fbd797c0,0x00000000fbd80000)
  to   space 23040K, 0% used [0x00000000fe980000,0x00000000fe980000,0x0000000100000000)
 ParOldGen       total 42496K, used 36559K [0x00000000c2800000, 0x00000000c5180000, 0x00000000eb800000)
  object space 42496K, 86% used [0x00000000c2800000,0x00000000c4bb3e08,0x00000000c5180000)
 Metaspace       used 14732K, capacity 15188K, committed 15360K, reserved 1062912K
  class space    used 1581K, capacity 1752K, committed 1792K, reserved 1048576K
}
Event: 6.470 GC heap before
{Heap before GC invocations=10 (full 1):
 PSYoungGen      total 267776K, used 15333K [0x00000000eb800000, 0x0000000100000000, 0x0000000100000000)
  eden space 252416K, 0% used [0x00000000eb800000,0x00000000eb800000,0x00000000fae80000)
  from space 15360K, 99% used [0x00000000fae80000,0x00000000fbd797c0,0x00000000fbd80000)
  to   space 23040K, 0% used [0x00000000fe980000,0x00000000fe980000,0x0000000100000000)
 ParOldGen       total 42496K, used 36559K [0x00000000c2800000, 0x00000000c5180000, 0x00000000eb800000)
  object space 42496K, 86% used [0x00000000c2800000,0x00000000c4bb3e08,0x00000000c5180000)
 Metaspace       used 14732K, capacity 15188K, committed 15360K, reserved 1062912K
  class space    used 1581K, capacity 1752K, committed 1792K, reserved 1048576K
Event: 6.729 GC heap after
Heap after GC invocations=10 (full 1):
 PSYoungGen      total 267776K, used 2482K [0x00000000eb800000, 0x0000000100000000, 0x0000000100000000)
  eden space 252416K, 0% used [0x00000000eb800000,0x00000000eb800000,0x00000000fae80000)
  from space 15360K, 16% used [0x00000000fae80000,0x00000000fb0eca80,0x00000000fbd80000)
  to   space 23040K, 0% used [0x00000000fe980000,0x00000000fe980000,0x0000000100000000)
 ParOldGen       total 77824K, used 42403K [0x00000000c2800000, 0x00000000c7400000, 0x00000000eb800000)
  object space 77824K, 54% used [0x00000000c2800000,0x00000000c5168c50,0x00000000c7400000)
 Metaspace       used 14732K, capacity 15188K, committed 15360K, reserved 1062912K
  class space    used 1581K, capacity 1752K, committed 1792K, reserved 1048576K
}
Event: 9.931 GC heap before
{Heap before GC invocations=11 (full 1):
 PSYoungGen      total 267776K, used 175872K [0x00000000eb800000, 0x0000000100000000, 0x0000000100000000)
  eden space 252416K, 68% used [0x00000000eb800000,0x00000000f6153800,0x00000000fae80000)
  from space 15360K, 16% used [0x00000000fae80000,0x00000000fb0eca80,0x00000000fbd80000)
  to   space 23040K, 0% used [0x00000000fe980000,0x00000000fe980000,0x0000000100000000)
 ParOldGen       total 77824K, used 42403K [0x00000000c2800000, 0x00000000c7400000, 0x00000000eb800000)
  object space 77824K, 54% used [0x00000000c2800000,0x00000000c5168c50,0x00000000c7400000)
 Metaspace       used 24904K, capacity 25468K, committed 25600K, reserved 1071104K
  class space    used 2929K, capacity 3153K, committed 3200K, reserved 1048576K
Event: 10.024 GC heap after
Heap after GC invocations=11 (full 1):
 PSYoungGen      total 295424K, used 23010K [0x00000000eb800000, 0x0000000100000000, 0x0000000100000000)
  eden space 272384K, 0% used [0x00000000eb800000,0x00000000eb800000,0x00000000fc200000)
  from space 23040K, 99% used [0x00000000fe980000,0x00000000ffff8a50,0x0000000100000000)
  to   space 31744K, 0% used [0x00000000fc200000,0x00000000fc200000,0x00000000fe100000)
 ParOldGen       total 77824K, used 57408K [0x00000000c2800000, 0x00000000c7400000, 0x00000000eb800000)
  object space 77824K, 73% used [0x00000000c2800000,0x00000000c6010020,0x00000000c7400000)
 Metaspace       used 24904K, capacity 25468K, committed 25600K, reserved 1071104K
  class space    used 2929K, capacity 3153K, committed 3200K, reserved 1048576K
}
Event: 10.024 GC heap before
{Heap before GC invocations=12 (full 2):
 PSYoungGen      total 295424K, used 23010K [0x00000000eb800000, 0x0000000100000000, 0x0000000100000000)
  eden space 272384K, 0% used [0x00000000eb800000,0x00000000eb800000,0x00000000fc200000)
  from space 23040K, 99% used [0x00000000fe980000,0x00000000ffff8a50,0x0000000100000000)
  to   space 31744K, 0% used [0x00000000fc200000,0x00000000fc200000,0x00000000fe100000)
 ParOldGen       total 77824K, used 57408K [0x00000000c2800000, 0x00000000c7400000, 0x00000000eb800000)
  object space 77824K, 73% used [0x00000000c2800000,0x00000000c6010020,0x00000000c7400000)
 Metaspace       used 24904K, capacity 25468K, committed 25600K, reserved 1071104K
  class space    used 2929K, capacity 3153K, committed 3200K, reserved 1048576K
Event: 10.194 GC heap after
Heap after GC invocations=12 (full 2):
 PSYoungGen      total 295424K, used 0K [0x00000000eb800000, 0x0000000100000000, 0x0000000100000000)
  eden space 272384K, 0% used [0x00000000eb800000,0x00000000eb800000,0x00000000fc200000)
  from space 23040K, 0% used [0x00000000fe980000,0x00000000fe980000,0x0000000100000000)
  to   space 31744K, 0% used [0x00000000fc200000,0x00000000fc200000,0x00000000fe100000)
 ParOldGen       total 115200K, used 63687K [0x00000000c2800000, 0x00000000c9880000, 0x00000000eb800000)
  object space 115200K, 55% used [0x00000000c2800000,0x00000000c6631e08,0x00000000c9880000)
 Metaspace       used 24904K, capacity 25468K, committed 25600K, reserved 1071104K
  class space    used 2929K, capacity 3153K, committed 3200K, reserved 1048576K
}

