# JRE version: Java(TM) SE Runtime Environment (8.0_101-b13) (build 1.8.0_101-b13)
# Java VM: Java HotSpot(TM) 64-Bit Server VM (25.101-b13 mixed mode linux-amd64 compressed oops)
Heap:
 PSYoungGen      total 266240K, used 150853K [0x00000000eb800000, 0x0000000100000000, 0x0000000100000000)
  eden space 251392K, 57% used [0x00000000eb800000,0x00000000f450f040,0x00000000fad80000)
  from space 14848K, 43% used [0x00000000fad80000,0x00000000fb3c2790,0x00000000fbc00000)
  to   space 24576K, 0% used [0x00000000fe800000,0x00000000fe800000,0x0000000100000000)
 ParOldGen       total 78336K, used 42141K [0x00000000c2800000, 0x00000000c7480000, 0x00000000eb800000)
  object space 78336K, 53% used [0x00000000c2800000,0x00000000c5127750,0x00000000c7480000)
 Metaspace       used 25305K, capacity 25882K, committed 26368K, reserved 1073152K
  class space    used 3011K, capacity 3263K, committed 3328K, reserved 1048576K
GC Heap History (10 events):
Event: 2.071 GC heap before
{Heap before GC invocations=6 (full 0):
 PSYoungGen      total 66048K, used 66032K [0x00000000eb800000, 0x00000000f4500000, 0x0000000100000000)
  eden space 63488K, 100% used [0x00000000eb800000,0x00000000ef600000,0x00000000ef600000)
  from space 2560K, 99% used [0x00000000ef600000,0x00000000ef87c010,0x00000000ef880000)
  to   space 8704K, 0% used [0x00000000f3c80000,0x00000000f3c80000,0x00000000f4500000)
 ParOldGen       total 42496K, used 14282K [0x00000000c2800000, 0x00000000c5180000, 0x00000000eb800000)
  object space 42496K, 33% used [0x00000000c2800000,0x00000000c35f28f8,0x00000000c5180000)
 Metaspace       used 9691K, capacity 10122K, committed 10496K, reserved 1058816K
  class space    used 1040K, capacity 1193K, committed 1280K, reserved 1048576K
Event: 2.091 GC heap after
Heap after GC invocations=6 (full 0):
 PSYoungGen      total 134656K, used 8394K [0x00000000eb800000, 0x00000000f4700000, 0x0000000100000000)
  eden space 125952K, 0% used [0x00000000eb800000,0x00000000eb800000,0x00000000f3300000)
  from space 8704K, 96% used [0x00000000f3c80000,0x00000000f44b29d0,0x00000000f4500000)
  to   space 9728K, 0% used [0x00000000f3300000,0x00000000f3300000,0x00000000f3c80000)
 ParOldGen       total 42496K, used 14290K [0x00000000c2800000, 0x00000000c5180000, 0x00000000eb800000)
  object space 42496K, 33% used [0x00000000c2800000,0x00000000c35f48f8,0x00000000c5180000)
 Metaspace       used 9691K, capacity 10122K, committed 10496K, reserved 1058816K
  class space    used 1040K, capacity 1193K, committed 1280K, reserved 1048576K
}
Event: 2.710 GC heap before
{Heap before GC invocations=7 (full 0):
 PSYoungGen      total 134656K, used 134346K [0x00000000eb800000, 0x00000000f4700000, 0x0000000100000000)
  eden space 125952K, 100% used [0x00000000eb800000,0x00000000f3300000,0x00000000f3300000)
  from space 8704K, 96% used [0x00000000f3c80000,0x00000000f44b29d0,0x00000000f4500000)
  to   space 9728K, 0% used [0x00000000f3300000,0x00000000f3300000,0x00000000f3c80000)
 ParOldGen       total 42496K, used 14290K [0x00000000c2800000, 0x00000000c5180000, 0x00000000eb800000)
  object space 42496K, 33% used [0x00000000c2800000,0x00000000c35f48f8,0x00000000c5180000)
 Metaspace       used 9813K, capacity 10198K, committed 10496K, reserved 1058816K
  class space    used 1042K, capacity 1195K, committed 1280K, reserved 1048576K
Event: 2.742 GC heap after
Heap after GC invocations=7 (full 0):
 PSYoungGen      total 135680K, used 9712K [0x00000000eb800000, 0x00000000fca00000, 0x0000000100000000)
  eden space 125952K, 0% used [0x00000000eb800000,0x00000000eb800000,0x00000000f3300000)
  from space 9728K, 99% used [0x00000000f3300000,0x00000000f3c7c010,0x00000000f3c80000)
  to   space 14336K, 0% used [0x00000000fbc00000,0x00000000fbc00000,0x00000000fca00000)
 ParOldGen       total 42496K, used 20312K [0x00000000c2800000, 0x00000000c5180000, 0x00000000eb800000)
  object space 42496K, 47% used [0x00000000c2800000,0x00000000c3bd61e8,0x00000000c5180000)
 Metaspace       used 9813K, capacity 10198K, committed 10496K, reserved 1058816K
  class space    used 1042K, capacity 1195K, committed 1280K, reserved 1048576K
}
Event: 3.027 GC heap before
{Heap before GC invocations=8 (full 0):
 PSYoungGen      total 135680K, used 135664K [0x00000000eb800000, 0x00000000fca00000, 0x0000000100000000)
  eden space 125952K, 100% used [0x00000000eb800000,0x00000000f3300000,0x00000000f3300000)
  from space 9728K, 99% used [0x00000000f3300000,0x00000000f3c7c010,0x00000000f3c80000)
  to   space 14336K, 0% used [0x00000000fbc00000,0x00000000fbc00000,0x00000000fca00000)
 ParOldGen       total 42496K, used 20312K [0x00000000c2800000, 0x00000000c5180000, 0x00000000eb800000)
  object space 42496K, 47% used [0x00000000c2800000,0x00000000c3bd61e8,0x00000000c5180000)
 Metaspace       used 9841K, capacity 10198K, committed 10496K, reserved 1058816K
  class space    used 1042K, capacity 1195K, committed 1280K, reserved 1048576K
Event: 3.052 GC heap after
Heap after GC invocations=8 (full 0):
 PSYoungGen      total 265728K, used 10473K [0x00000000eb800000, 0x00000000fcb00000, 0x0000000100000000)
  eden space 251392K, 0% used [0x00000000eb800000,0x00000000eb800000,0x00000000fad80000)
  from space 14336K, 73% used [0x00000000fbc00000,0x00000000fc63a7b0,0x00000000fca00000)
  to   space 14848K, 0% used [0x00000000fad80000,0x00000000fad80000,0x00000000fbc00000)
 ParOldGen       total 42496K, used 20752K [0x00000000c2800000, 0x00000000c5180000, 0x00000000eb800000)
  object space 42496K, 48% used [0x00000000c2800000,0x00000000c3c441e8,0x00000000c5180000)
 Metaspace       used 9841K, capacity 10198K, committed 10496K, reserved 1058816K
  class space    used 1042K, capacity 1195K, committed 1280K, reserved 1048576K
}
Event: 4.198 GC heap before
{Heap before GC invocations=9 (full 0):
 PSYoungGen      total 265728K, used 261865K [0x00000000eb800000, 0x00000000fcb00000, 0x0000000100000000)
  eden space 251392K, 100% used [0x00000000eb800000,0x00000000fad80000,0x00000000fad80000)
  from space 14336K, 73% used [0x00000000fbc00000,0x00000000fc63a7b0,0x00000000fca00000)
  to   space 14848K, 0% used [0x00000000fad80000,0x00000000fad80000,0x00000000fbc00000)
 ParOldGen       total 42496K, used 20752K [0x00000000c2800000, 0x00000000c5180000, 0x00000000eb800000)
  object space 42496K, 48% used [0x00000000c2800000,0x00000000c3c441e8,0x00000000c5180000)
 Metaspace       used 15476K, capacity 15934K, committed 16256K, reserved 1062912K
  class space    used 1684K, capacity 1852K, committed 1920K, reserved 1048576K
Event: 4.235 GC heap after
Heap after GC invocations=9 (full 0):
 PSYoungGen      total 266240K, used 14818K [0x00000000eb800000, 0x0000000100000000, 0x0000000100000000)
  eden space 251392K, 0% used [0x00000000eb800000,0x00000000eb800000,0x00000000fad80000)
  from space 14848K, 99% used [0x00000000fad80000,0x00000000fbbf89f8,0x00000000fbc00000)
  to   space 24576K, 0% used [0x00000000fe800000,0x00000000fe800000,0x0000000100000000)
 ParOldGen       total 42496K, used 39135K [0x00000000c2800000, 0x00000000c5180000, 0x00000000eb800000)
  object space 42496K, 92% used [0x00000000c2800000,0x00000000c4e37fb8,0x00000000c5180000)
 Metaspace       used 15476K, capacity 15934K, committed 16256K, reserved 1062912K
  class space    used 1684K, capacity 1852K, committed 1920K, reserved 1048576K
}
Event: 4.235 GC heap before
{Heap before GC invocations=10 (full 1):
 PSYoungGen      total 266240K, used 14818K [0x00000000eb800000, 0x0000000100000000, 0x0000000100000000)
  eden space 251392K, 0% used [0x00000000eb800000,0x00000000eb800000,0x00000000fad80000)
  from space 14848K, 99% used [0x00000000fad80000,0x00000000fbbf89f8,0x00000000fbc00000)
  to   space 24576K, 0% used [0x00000000fe800000,0x00000000fe800000,0x0000000100000000)
 ParOldGen       total 42496K, used 39135K [0x00000000c2800000, 0x00000000c5180000, 0x00000000eb800000)
  object space 42496K, 92% used [0x00000000c2800000,0x00000000c4e37fb8,0x00000000c5180000)
 Metaspace       used 15476K, capacity 15934K, committed 16256K, reserved 1062912K
  class space    used 1684K, capacity 1852K, committed 1920K, reserved 1048576K
Event: 4.375 GC heap after
Heap after GC invocations=10 (full 1):
 PSYoungGen      total 266240K, used 6409K [0x00000000eb800000, 0x0000000100000000, 0x0000000100000000)
  eden space 251392K, 0% used [0x00000000eb800000,0x00000000eb800000,0x00000000fad80000)
  from space 14848K, 43% used [0x00000000fad80000,0x00000000fb3c2790,0x00000000fbc00000)
  to   space 24576K, 0% used [0x00000000fe800000,0x00000000fe800000,0x0000000100000000)
 ParOldGen       total 78336K, used 42141K [0x00000000c2800000, 0x00000000c7480000, 0x00000000eb800000)
  object space 78336K, 53% used [0x00000000c2800000,0x00000000c5127750,0x00000000c7480000)
 Metaspace       used 15476K, capacity 15934K, committed 16256K, reserved 1062912K
  class space    used 1684K, capacity 1852K, committed 1920K, reserved 1048576K
}

